<?xml version="1.0" encoding="UTF-8"?>
<testng-results skipped="0" failed="0" total="1" passed="1">
  <reporter-output>
  </reporter-output>
  <suite name="Surefire suite" duration-ms="101205" started-at="2020-08-21T06:13:38Z" finished-at="2020-08-21T06:15:19Z">
    <groups>
    </groups>
    <test name="Surefire test" duration-ms="101205" started-at="2020-08-21T06:13:38Z" finished-at="2020-08-21T06:15:19Z">
      <class name="Sample.Booking.AppTest">
        <test-method status="PASS" signature="shouldAnswerWithTrue()[pri:0, instance:shouldAnswerWithTrue(Sample.Booking.AppTest)]" name="shouldAnswerWithTrue" duration-ms="101157" started-at="2020-08-21T11:43:38Z" finished-at="2020-08-21T11:45:19Z">
          <reporter-output>
          </reporter-output>
        </test-method> <!-- shouldAnswerWithTrue -->
      </class> <!-- Sample.Booking.AppTest -->
    </test> <!-- Surefire test -->
  </suite> <!-- Surefire suite -->
</testng-results>
